This file contains any messages produced by compilers while
running configure, to aid debugging if configure makes a mistake.

It was created by Octave-Forge image-acquisition package configure 0.1.0, which was
generated by GNU Autoconf 2.69.  Invocation command line was

  $ ./configure 

## --------- ##
## Platform. ##
## --------- ##

hostname = thenardier.inf.ed.ac.uk
uname -m = x86_64
uname -r = 3.10.0-327.36.3.el7.x86_64
uname -s = Linux
uname -v = #1 SMP Mon Oct 24 09:16:18 CDT 2016

/usr/bin/uname -p = x86_64
/bin/uname -X     = unknown

/bin/arch              = x86_64
/usr/bin/arch -k       = unknown
/usr/convex/getsysinfo = unknown
/usr/bin/hostinfo      = unknown
/bin/machine           = unknown
/usr/bin/oslevel       = unknown
/bin/universe          = unknown

PATH: /opt/mendeleydesktop/bin
PATH: /usr/lib64/qt-3.3/bin
PATH: /opt/mendeleydesktop/bin
PATH: /usr/local/bin/
PATH: /usr/lib/jvm/java-1.8.0/bin/
PATH: /opt/texlive/2015/bin/x86_64-linux
PATH: /opt/matlab-R2015a/bin/
PATH: /usr/local/sbin
PATH: /usr/bin
PATH: /sbin
PATH: /afs/inf.ed.ac.uk/user/s14/s1450710/.cabal/bin
PATH: /opt/sicstus-4.0.1/bin


## ----------- ##
## Core tests. ##
## ----------- ##

configure:2153: checking for g++
configure:2169: found /usr/bin/g++
configure:2180: result: g++
configure:2207: checking for C++ compiler version
configure:2216: g++ --version >&5
g++ (GCC) 4.8.5 20150623 (Red Hat 4.8.5-4)
Copyright (C) 2015 Free Software Foundation, Inc.
This is free software; see the source for copying conditions.  There is NO
warranty; not even for MERCHANTABILITY or FITNESS FOR A PARTICULAR PURPOSE.

configure:2227: $? = 0
configure:2216: g++ -v >&5
Using built-in specs.
COLLECT_GCC=g++
COLLECT_LTO_WRAPPER=/usr/libexec/gcc/x86_64-redhat-linux/4.8.5/lto-wrapper
Target: x86_64-redhat-linux
Configured with: ../configure --prefix=/usr --mandir=/usr/share/man --infodir=/usr/share/info --with-bugurl=http://bugzilla.redhat.com/bugzilla --enable-bootstrap --enable-shared --enable-threads=posix --enable-checking=release --with-system-zlib --enable-__cxa_atexit --disable-libunwind-exceptions --enable-gnu-unique-object --enable-linker-build-id --with-linker-hash-style=gnu --enable-languages=c,c++,objc,obj-c++,java,fortran,ada,go,lto --enable-plugin --enable-initfini-array --disable-libgcj --with-isl=/builddir/build/BUILD/gcc-4.8.5-20150702/obj-x86_64-redhat-linux/isl-install --with-cloog=/builddir/build/BUILD/gcc-4.8.5-20150702/obj-x86_64-redhat-linux/cloog-install --enable-gnu-indirect-function --with-tune=generic --with-arch_32=x86-64 --build=x86_64-redhat-linux
Thread model: posix
gcc version 4.8.5 20150623 (Red Hat 4.8.5-4) (GCC) 
configure:2227: $? = 0
configure:2216: g++ -V >&5
g++: error: unrecognized command line option '-V'
g++: fatal error: no input files
compilation terminated.
configure:2227: $? = 4
configure:2216: g++ -qversion >&5
g++: error: unrecognized command line option '-qversion'
g++: fatal error: no input files
compilation terminated.
configure:2227: $? = 4
configure:2247: checking whether the C++ compiler works
configure:2269: g++    conftest.cpp  >&5
configure:2273: $? = 0
configure:2321: result: yes
configure:2324: checking for C++ compiler default output file name
configure:2326: result: a.out
configure:2332: checking for suffix of executables
configure:2339: g++ -o conftest    conftest.cpp  >&5
configure:2343: $? = 0
configure:2365: result: 
configure:2387: checking whether we are cross compiling
configure:2395: g++ -o conftest    conftest.cpp  >&5
configure:2399: $? = 0
configure:2406: ./conftest
configure:2410: $? = 0
configure:2425: result: no
configure:2430: checking for suffix of object files
configure:2452: g++ -c   conftest.cpp >&5
configure:2456: $? = 0
configure:2477: result: o
configure:2481: checking whether we are using the GNU C++ compiler
configure:2500: g++ -c   conftest.cpp >&5
configure:2500: $? = 0
configure:2509: result: yes
configure:2518: checking whether g++ accepts -g
configure:2538: g++ -c -g  conftest.cpp >&5
configure:2538: $? = 0
configure:2579: result: yes
configure:2611: checking for mkoctfile
configure:2639: result: no
configure:2648: error: mkoctfile required to install Octave-Forge image-acquisition package

## ---------------- ##
## Cache variables. ##
## ---------------- ##

ac_cv_cxx_compiler_gnu=yes
ac_cv_env_CCC_set=
ac_cv_env_CCC_value=
ac_cv_env_CPPFLAGS_set=
ac_cv_env_CPPFLAGS_value=
ac_cv_env_CXXCPP_set=
ac_cv_env_CXXCPP_value=
ac_cv_env_CXXFLAGS_set=
ac_cv_env_CXXFLAGS_value=
ac_cv_env_CXX_set=
ac_cv_env_CXX_value=
ac_cv_env_LDFLAGS_set=
ac_cv_env_LDFLAGS_value=
ac_cv_env_LIBS_set=
ac_cv_env_LIBS_value=
ac_cv_env_build_alias_set=
ac_cv_env_build_alias_value=
ac_cv_env_host_alias_set=
ac_cv_env_host_alias_value=
ac_cv_env_target_alias_set=
ac_cv_env_target_alias_value=
ac_cv_objext=o
ac_cv_prog_HAVE_MKOCTFILE=no
ac_cv_prog_ac_ct_CXX=g++
ac_cv_prog_cxx_g=yes

## ----------------- ##
## Output variables. ##
## ----------------- ##

CPPFLAGS=''
CXX='g++'
CXXCPP=''
CXXFLAGS='-g -O2'
DEFS=''
ECHO_C=''
ECHO_N='-n'
ECHO_T=''
EGREP=''
EXEEXT=''
FLTK_CONFIG=''
GREP=''
HAVE_MKOCTFILE='no'
LDFLAGS=''
LIBOBJS=''
LIBS=''
LTLIBOBJS=''
OBJEXT='o'
PACKAGE_BUGREPORT='andy.weber.aw@gmail.com'
PACKAGE_NAME='Octave-Forge image-acquisition package'
PACKAGE_STRING='Octave-Forge image-acquisition package 0.1.0'
PACKAGE_TARNAME='octave-forge-image-acquisition-package'
PACKAGE_URL=''
PACKAGE_VERSION='0.1.0'
PATH_SEPARATOR=':'
SHELL='/bin/sh'
ac_ct_CXX='g++'
bindir='${exec_prefix}/bin'
build_alias=''
datadir='${datarootdir}'
datarootdir='${prefix}/share'
docdir='${datarootdir}/doc/${PACKAGE_TARNAME}'
dvidir='${docdir}'
exec_prefix='NONE'
host_alias=''
htmldir='${docdir}'
includedir='${prefix}/include'
infodir='${datarootdir}/info'
libdir='${exec_prefix}/lib'
libexecdir='${exec_prefix}/libexec'
localedir='${datarootdir}/locale'
localstatedir='${prefix}/var'
mandir='${datarootdir}/man'
oldincludedir='/usr/include'
pdfdir='${docdir}'
prefix='NONE'
program_transform_name='s,x,x,'
psdir='${docdir}'
sbindir='${exec_prefix}/sbin'
sharedstatedir='${prefix}/com'
sysconfdir='${prefix}/etc'
target_alias=''

## ----------- ##
## confdefs.h. ##
## ----------- ##

/* confdefs.h */
#define PACKAGE_NAME "Octave-Forge image-acquisition package"
#define PACKAGE_TARNAME "octave-forge-image-acquisition-package"
#define PACKAGE_VERSION "0.1.0"
#define PACKAGE_STRING "Octave-Forge image-acquisition package 0.1.0"
#define PACKAGE_BUGREPORT "andy.weber.aw@gmail.com"
#define PACKAGE_URL ""

configure: exit 1
